<?xml version="1.0" encoding="UTF-8"?>
<testng-results skipped="0" failed="0" total="0" passed="0">
  <reporter-output>
  </reporter-output>
  <suite name="com.mycompany.selenium.AppTest" duration-ms="4" started-at="2019-04-27T19:43:03Z" finished-at="2019-04-27T19:43:03Z">
    <groups>
    </groups>
    <test name="Command line test" duration-ms="4" started-at="2019-04-27T19:43:03Z" finished-at="2019-04-27T19:43:03Z">
    </test> <!-- Command line test -->
  </suite> <!-- com.mycompany.selenium.AppTest -->
</testng-results>
